2018-09-03 16:26:02 [fileLogger] [INFO] :20: Crawl data successfully.
2018-09-03 16:26:02 [fileLogger] [INFO] :20: Crawled data is stored in resource.json.
2018-09-03 16:26:02 [fileLogger] [INFO] :20: Spide successfully.
2018-09-03 16:28:04 [fileLogger] [INFO] :20: Crawl data successfully.
2018-09-03 16:28:04 [fileLogger] [INFO] :20: Crawled data is stored in resource.json.
2018-09-03 16:28:04 [fileLogger] [INFO] :20: Crawled data is stored in resource.json.
2018-09-03 16:28:04 [fileLogger] [INFO] :20: Crawled data is stored in resource.json.
2018-09-03 16:28:04 [fileLogger] [INFO] :20: Spide successfully.
2018-09-03 16:30:32 [root] [ERROR] :40: Message: no such element: Unable to locate element: {"method":"xpath","selector":"/html/body/div[2]/div[3]/div[2]/div/dl[5]/dt/a"}
  (Session info: headless chrome=68.0.3440.106)
  (Driver info: chromedriver=2.40.565498 (ea082db3280dd6843ebfb08a625e3eb905c4f5ab),platform=Windows NT 10.0.17134 x86_64)

2018-09-03 16:30:32 [root] [ERROR] :40: Download failed.
2018-09-03 16:30:32 [fileLogger] [ERROR] :40: 'NoneType' object is not iterable
2018-09-03 16:30:32 [fileLogger] [ERROR] :40: Output text failed.
2018-09-03 16:30:32 [fileLogger] [INFO] :20: Spide successfully.
2018-09-03 16:35:39 [fileLogger] [INFO] :20: Crawled data is stored in resource.json.
2018-09-03 16:35:39 [fileLogger] [INFO] :20: Crawled data is stored in resource.json.
2018-09-03 16:35:39 [fileLogger] [INFO] :20: Crawled data is stored in resource.json.
2018-09-03 16:35:39 [fileLogger] [INFO] :20: Crawled data is stored in resource.json.
2018-09-03 16:35:39 [fileLogger] [INFO] :20: Crawled data is stored in resource.json.
2018-09-03 16:35:39 [fileLogger] [INFO] :20: Crawled data is stored in resource.json.
2018-09-03 16:35:39 [fileLogger] [INFO] :20: Crawled data is stored in resource.json.
2018-09-03 16:35:39 [fileLogger] [INFO] :20: Crawled data is stored in resource.json.
2018-09-03 16:35:39 [fileLogger] [INFO] :20: Crawled data is stored in resource.json.
2018-09-03 16:35:39 [fileLogger] [INFO] :20: Crawled data is stored in resource.json.
2018-09-03 16:35:39 [fileLogger] [INFO] :20: Crawled data is stored in resource.json.
2018-09-03 16:35:39 [fileLogger] [INFO] :20: Crawled data is stored in resource.json.
2018-09-03 16:35:39 [fileLogger] [INFO] :20: Crawled data is stored in resource.json.
2018-09-03 16:35:39 [fileLogger] [INFO] :20: Crawled data is stored in resource.json.
2018-09-03 16:35:39 [fileLogger] [INFO] :20: Crawled data is stored in resource.json.
2018-09-03 16:35:39 [fileLogger] [INFO] :20: Crawled data is stored in resource.json.
2018-09-03 16:35:39 [fileLogger] [INFO] :20: Crawled data is stored in resource.json.
2018-09-03 16:35:39 [fileLogger] [INFO] :20: Crawled data is stored in resource.json.
2018-09-03 16:35:39 [fileLogger] [INFO] :20: Crawled data is stored in resource.json.
2018-09-03 16:35:39 [fileLogger] [INFO] :20: Crawled data is stored in resource.json.
2018-09-03 16:35:39 [fileLogger] [INFO] :20: Crawled data is stored in resource.json.
2018-09-03 16:35:39 [fileLogger] [INFO] :20: Crawled data is stored in resource.json.
2018-09-03 16:35:39 [fileLogger] [INFO] :20: Crawled data is stored in resource.json.
2018-09-03 16:35:39 [fileLogger] [INFO] :20: Crawled data is stored in resource.json.
2018-09-03 16:35:39 [fileLogger] [INFO] :20: Crawled data is stored in resource.json.
2018-09-03 16:35:39 [fileLogger] [INFO] :20: Crawled data is stored in resource.json.
2018-09-03 16:35:39 [fileLogger] [INFO] :20: Crawled data is stored in resource.json.
2018-09-03 16:35:39 [fileLogger] [INFO] :20: Crawled data is stored in resource.json.
2018-09-03 16:35:39 [fileLogger] [INFO] :20: Crawled data is stored in resource.json.
2018-09-03 16:35:39 [fileLogger] [INFO] :20: Crawled data is stored in resource.json.
2018-09-03 16:35:39 [fileLogger] [INFO] :20: Crawled data is stored in resource.json.
2018-09-03 16:35:39 [fileLogger] [INFO] :20: Crawled data is stored in resource.json.
2018-09-03 16:35:39 [fileLogger] [INFO] :20: Crawled data is stored in resource.json.
2018-09-03 16:35:39 [fileLogger] [INFO] :20: Crawled data is stored in resource.json.
2018-09-03 16:35:39 [fileLogger] [INFO] :20: Crawled data is stored in resource.json.
2018-09-03 16:35:39 [fileLogger] [INFO] :20: Crawled data is stored in resource.json.
2018-09-03 16:35:39 [fileLogger] [INFO] :20: Crawled data is stored in resource.json.
2018-09-03 16:35:39 [fileLogger] [INFO] :20: Crawled data is stored in resource.json.
2018-09-03 16:35:39 [fileLogger] [INFO] :20: Crawled data is stored in resource.json.
2018-09-03 16:35:39 [fileLogger] [INFO] :20: Crawled data is stored in resource.json.
2018-09-03 16:35:39 [fileLogger] [INFO] :20: Crawled data is stored in resource.json.
2018-09-03 16:35:39 [fileLogger] [INFO] :20: Crawled data is stored in resource.json.
2018-09-03 16:35:39 [fileLogger] [INFO] :20: Crawled data is stored in resource.json.
2018-09-03 16:35:39 [fileLogger] [INFO] :20: Crawled data is stored in resource.json.
2018-09-03 16:35:39 [fileLogger] [INFO] :20: Crawled data is stored in resource.json.
2018-09-03 16:35:39 [fileLogger] [INFO] :20: Crawled data is stored in resource.json.
2018-09-03 16:35:39 [fileLogger] [INFO] :20: Crawled data is stored in resource.json.
2018-09-03 16:35:39 [fileLogger] [INFO] :20: Crawled data is stored in resource.json.
2018-09-03 16:35:39 [fileLogger] [INFO] :20: Crawled data is stored in resource.json.
2018-09-03 16:35:39 [fileLogger] [INFO] :20: Crawled data is stored in resource.json.
2018-09-03 16:35:39 [fileLogger] [INFO] :20: Crawled data is stored in resource.json.
2018-09-03 16:35:39 [fileLogger] [INFO] :20: Crawled data is stored in resource.json.
2018-09-03 16:35:39 [fileLogger] [INFO] :20: Crawled data is stored in resource.json.
2018-09-03 16:35:39 [fileLogger] [INFO] :20: Crawled data is stored in resource.json.
2018-09-03 16:35:39 [fileLogger] [INFO] :20: Crawled data is stored in resource.json.
2018-09-03 16:35:39 [fileLogger] [INFO] :20: Crawled data is stored in resource.json.
2018-09-03 16:35:39 [fileLogger] [INFO] :20: Crawled data is stored in resource.json.
2018-09-03 16:35:39 [fileLogger] [INFO] :20: Crawled data is stored in resource.json.
2018-09-03 16:35:39 [fileLogger] [INFO] :20: Crawled data is stored in resource.json.
2018-09-03 16:35:39 [fileLogger] [INFO] :20: Crawled data is stored in resource.json.
2018-09-03 16:35:39 [fileLogger] [INFO] :20: Crawled data is stored in resource.json.
2018-09-03 16:35:39 [fileLogger] [INFO] :20: Crawled data is stored in resource.json.
2018-09-03 16:35:39 [fileLogger] [INFO] :20: Crawled data is stored in resource.json.
2018-09-03 16:35:39 [fileLogger] [INFO] :20: Crawled data is stored in resource.json.
2018-09-03 16:35:39 [fileLogger] [INFO] :20: Crawled data is stored in resource.json.
2018-09-03 16:35:39 [fileLogger] [INFO] :20: Crawled data is stored in resource.json.
2018-09-03 16:35:39 [fileLogger] [INFO] :20: Crawled data is stored in resource.json.
2018-09-03 16:35:39 [fileLogger] [INFO] :20: Crawled data is stored in resource.json.
2018-09-03 16:35:39 [fileLogger] [INFO] :20: Crawled data is stored in resource.json.
2018-09-03 16:35:39 [fileLogger] [INFO] :20: Crawled data is stored in resource.json.
2018-09-03 16:35:39 [fileLogger] [INFO] :20: Crawled data is stored in resource.json.
2018-09-03 16:35:39 [fileLogger] [INFO] :20: Crawled data is stored in resource.json.
2018-09-03 16:35:39 [fileLogger] [INFO] :20: Crawled data is stored in resource.json.
2018-09-03 16:35:39 [fileLogger] [INFO] :20: Crawled data is stored in resource.json.
2018-09-03 16:35:39 [fileLogger] [INFO] :20: Crawled data is stored in resource.json.
2018-09-03 16:35:39 [fileLogger] [INFO] :20: Crawled data is stored in resource.json.
2018-09-03 16:35:39 [fileLogger] [INFO] :20: Crawled data is stored in resource.json.
2018-09-03 16:35:39 [fileLogger] [INFO] :20: Crawled data is stored in resource.json.
2018-09-03 16:35:39 [fileLogger] [INFO] :20: Crawled data is stored in resource.json.
2018-09-03 16:35:39 [fileLogger] [INFO] :20: Crawled data is stored in resource.json.
2018-09-03 16:35:39 [fileLogger] [INFO] :20: Crawled data is stored in resource.json.
2018-09-03 16:35:39 [fileLogger] [INFO] :20: Crawled data is stored in resource.json.
2018-09-03 16:35:39 [fileLogger] [INFO] :20: Crawled data is stored in resource.json.
2018-09-03 16:35:39 [fileLogger] [INFO] :20: Crawled data is stored in resource.json.
2018-09-03 16:35:39 [fileLogger] [INFO] :20: Crawled data is stored in resource.json.
2018-09-03 16:35:39 [fileLogger] [INFO] :20: Crawled data is stored in resource.json.
2018-09-03 16:35:39 [fileLogger] [INFO] :20: Crawled data is stored in resource.json.
2018-09-03 16:35:39 [fileLogger] [INFO] :20: Crawled data is stored in resource.json.
2018-09-03 16:35:39 [fileLogger] [INFO] :20: Crawled data is stored in resource.json.
2018-09-03 16:35:39 [fileLogger] [INFO] :20: Crawled data is stored in resource.json.
2018-09-03 16:35:39 [fileLogger] [INFO] :20: Crawled data is stored in resource.json.
2018-09-03 16:35:39 [fileLogger] [INFO] :20: Crawled data is stored in resource.json.
2018-09-03 16:35:39 [fileLogger] [INFO] :20: Crawled data is stored in resource.json.
2018-09-03 16:35:39 [fileLogger] [INFO] :20: Crawled data is stored in resource.json.
2018-09-03 16:35:39 [fileLogger] [INFO] :20: Crawled data is stored in resource.json.
2018-09-03 16:35:39 [fileLogger] [INFO] :20: Crawled data is stored in resource.json.
2018-09-03 16:35:39 [fileLogger] [INFO] :20: Crawled data is stored in resource.json.
2018-09-03 16:35:39 [fileLogger] [INFO] :20: Crawled data is stored in resource.json.
2018-09-03 16:35:39 [fileLogger] [INFO] :20: Crawled data is stored in resource.json.
2018-09-03 16:35:39 [fileLogger] [INFO] :20: Crawled data is stored in resource.json.
2018-09-03 16:35:39 [fileLogger] [INFO] :20: Spide successfully.
